{
    "dataset": "gaussianNonLinearAdditive",
    "dataset_kwargs": {
        "mu": "np.zeros(5)",
        "dim": 5,
        "rho": 0.99,
        "weight": "np.array([4, 3, 2, 1, 0])",
        "noise": 0.01,
        "num_train_samples": 1000,
        "num_val_samples": 100
    },
    "models": {
        "rfc": {
            "random": {
                "roar_faithfulness": 0.010139390734904836,
                "roar_monotonicity": 0.825,
                "faithfulness": 0.05642880619042633,
                "monotonicity": 0.6375,
                "shapley": 0.959767771401331,
                "shapley_corr": -0.023886132295428197,
                "infidelity": 0.12470725591119393
            },
            "brutekernelshap": {
                "roar_faithfulness": 0.07998909853753772,
                "roar_monotonicity": 0.8725,
                "faithfulness": 0.4170869635881369,
                "monotonicity": 0.5725,
                "shapley": 0.03325350594083608,
                "shapley_corr": 0.5291279457463637,
                "infidelity": 0.024281384590977922
            },
            "kernelshap": {
                "roar_faithfulness": 0.0799935509095992,
                "roar_monotonicity": 0.87,
                "faithfulness": 0.3773114929050263,
                "monotonicity": 0.5575,
                "shapley": 0.04329356084886174,
                "shapley_corr": 0.5291279456705629,
                "infidelity": 0.05461013140512769
            }
        }
    },
    "model_perfs": {
        "rfc": [
            "1.00",
            "1.00"
        ]
    }
}