{
    "dataset": "gaussianPiecewiseConstant",
    "dataset_kwargs": {
        "mu": "np.zeros(5)",
        "dim": 5,
        "rho": 0.0,
        "weight": "np.array([4, 3, 2, 1, 0])",
        "noise": 0.01,
        "num_train_samples": 1000,
        "num_val_samples": 100
    },
    "models": {
        "rfc": {
            "random": {
                "roar_faithfulness": -0.042738635914425865,
                "roar_monotonicity": 0.85,
                "faithfulness": -0.005753238357212003,
                "monotonicity": 0.5025,
                "shapley": 1.0030545661722856,
                "shapley_corr": 0.007135181091768588,
                "infidelity": 0.017518522370066472
            },
            "brutekernelshap": {
                "roar_faithfulness": -0.0856870600365147,
                "roar_monotonicity": 0.835,
                "faithfulness": 0.8289697693845095,
                "monotonicity": 0.4725,
                "shapley": 1.9206031083201736e-05,
                "shapley_corr": 0.9996196485557046,
                "infidelity": 0.034199977565579964
            },
            "kernelshap": {
                "roar_faithfulness": 0.009201797459944707,
                "roar_monotonicity": 0.8125,
                "faithfulness": 0.9379513984898127,
                "monotonicity": 0.4675,
                "shapley": 0.015844867383033798,
                "shapley_corr": 0.999619648551628,
                "infidelity": 0.027487439127564448
            }
        }
    },
    "model_perfs": {
        "rfc": [
            "1.00",
            "0.86"
        ]
    }
}