{
    "dataset": "gaussianNonLinearAdditive",
    "dataset_kwargs": {
        "mu": "np.zeros(5)",
        "dim": 5,
        "rho": 0.0,
        "weight": "np.array([4, 3, 2, 1, 0])",
        "noise": 0.01,
        "num_train_samples": 1000,
        "num_val_samples": 100
    },
    "models": {
        "rfc": {
            "random": {
                "roar_faithfulness": -0.024064751780386168,
                "roar_monotonicity": 0.775,
                "faithfulness": 0.06644422594838933,
                "monotonicity": 0.5625,
                "shapley": 0.9945792709734924,
                "shapley_corr": 0.05358004323658821,
                "infidelity": 0.11719224709098829
            },
            "brutekernelshap": {
                "roar_faithfulness": 0.499996821390807,
                "roar_monotonicity": 0.785,
                "faithfulness": 0.9999887962743668,
                "monotonicity": 0.405,
                "shapley": 3.2061839469854884e-06,
                "shapley_corr": 0.9999910080413857,
                "infidelity": 0.08975337876193205
            },
            "kernelshap": {
                "roar_faithfulness": 0.5099989790914686,
                "roar_monotonicity": 0.75,
                "faithfulness": 0.9999971847932808,
                "monotonicity": 0.4175,
                "shapley": 0.009963258992594001,
                "shapley_corr": 0.9999910080415308,
                "infidelity": 0.08802182165165309
            }
        }
    },
    "model_perfs": {
        "rfc": [
            "1.00",
            "1.00"
        ]
    }
}