{
    "dataset": "gaussianPiecewiseConstant",
    "dataset_kwargs": {
        "mu": "np.zeros(5)",
        "dim": 5,
        "rho": 0.75,
        "weight": "np.array([4, 3, 2, 1, 0])",
        "noise": 0.01,
        "num_train_samples": 1000,
        "num_val_samples": 100
    },
    "models": {
        "rfc": {
            "random": {
                "roar_faithfulness": 0.017552363431593453,
                "roar_monotonicity": 0.885,
                "faithfulness": 0.013040626108557744,
                "monotonicity": 0.51,
                "shapley": 0.9932425722048484,
                "shapley_corr": 0.03547948509749649,
                "infidelity": 0.09427024113601767
            },
            "brutekernelshap": {
                "roar_faithfulness": -0.007915666231830366,
                "roar_monotonicity": 0.85,
                "faithfulness": 0.5130804117650264,
                "monotonicity": 0.4925,
                "shapley": 0.008908891544213572,
                "shapley_corr": 0.6965344411788531,
                "infidelity": 0.07424690144654547
            },
            "kernelshap": {
                "roar_faithfulness": 0.04870984845982036,
                "roar_monotonicity": 0.8375,
                "faithfulness": 0.5467966971655616,
                "monotonicity": 0.45,
                "shapley": 0.023117549310279994,
                "shapley_corr": 0.6965344411270946,
                "infidelity": 0.0036539313474310063
            }
        }
    },
    "model_perfs": {
        "rfc": [
            "1.00",
            "0.93"
        ]
    }
}