{
    "dataset": "gaussianPiecewiseConstant",
    "dataset_kwargs": {
        "mu": "np.zeros(5)",
        "dim": 5,
        "rho": 0.25,
        "weight": "np.array([4, 3, 2, 1, 0])",
        "noise": 0.01,
        "num_train_samples": 1000,
        "num_val_samples": 100
    },
    "models": {
        "rfc": {
            "random": {
                "roar_faithfulness": 0.014984494599513891,
                "roar_monotonicity": 0.82,
                "faithfulness": 0.025418490204122665,
                "monotonicity": 0.5,
                "shapley": 1.0186912459037891,
                "shapley_corr": -0.025992596480331923,
                "infidelity": 0.03701765701359845
            },
            "brutekernelshap": {
                "roar_faithfulness": 0.07491758038301553,
                "roar_monotonicity": 0.8075,
                "faithfulness": 0.8499696621987762,
                "monotonicity": 0.445,
                "shapley": 0.0022737291108134577,
                "shapley_corr": 0.963192942698186,
                "infidelity": 0.039386904073568124
            },
            "kernelshap": {
                "roar_faithfulness": 0.06913628147624182,
                "roar_monotonicity": 0.81,
                "faithfulness": 0.9055541326093077,
                "monotonicity": 0.46,
                "shapley": 0.016914747072459782,
                "shapley_corr": 0.9631929427225956,
                "infidelity": 0.007374835726057972
            }
        }
    },
    "model_perfs": {
        "rfc": [
            "1.00",
            "0.89"
        ]
    }
}