{
    "dataset": "gaussianLinear",
    "dataset_kwargs": {
        "mu": "np.zeros(5)",
        "dim": 5,
        "rho": 0.0,
        "weight": "np.array([4, 3, 2, 1, 0])",
        "noise": 0.01,
        "num_train_samples": 1000,
        "num_val_samples": 100
    },
    "models": {
        "rfc": {
            "random": {
                "roar_faithfulness": 0.05899809065032624,
                "roar_monotonicity": 0.8075,
                "faithfulness": -0.0057531415405665575,
                "monotonicity": 0.4325,
                "shapley": 1.0008726226941158,
                "shapley_corr": -0.07347867140689736,
                "infidelity": 0.26496135060635795
            },
            "brutekernelshap": {
                "roar_faithfulness": 0.16159584720620387,
                "roar_monotonicity": 0.7575,
                "faithfulness": 0.8156562020481762,
                "monotonicity": 0.385,
                "shapley": 5.055826511408367e-05,
                "shapley_corr": 0.9990372204587383,
                "infidelity": 0.2235611558237771
            },
            "kernelshap": {
                "roar_faithfulness": 0.2288331753670327,
                "roar_monotonicity": 0.735,
                "faithfulness": 0.9205107487565073,
                "monotonicity": 0.36,
                "shapley": 0.010211210471092485,
                "shapley_corr": 0.9990372204504426,
                "infidelity": 0.21329161865176488
            }
        }
    },
    "model_perfs": {
        "rfc": [
            "1.00",
            "0.94"
        ]
    }
}