{
    "dataset": "gaussianPiecewiseConstant",
    "dataset_kwargs": {
        "mu": "np.zeros(5)",
        "dim": 5,
        "rho": 0.99,
        "weight": "np.array([4, 3, 2, 1, 0])",
        "noise": 0.01,
        "num_train_samples": 1000,
        "num_val_samples": 100
    },
    "models": {
        "rfc": {
            "random": {
                "roar_faithfulness": -0.029367008489414377,
                "roar_monotonicity": 0.86,
                "faithfulness": 0.00996635036870579,
                "monotonicity": 0.6675,
                "shapley": 0.9809071989160093,
                "shapley_corr": -0.028904519448779375,
                "infidelity": 0.08150189689279198
            },
            "brutekernelshap": {
                "roar_faithfulness": 0.0017815697592215814,
                "roar_monotonicity": 0.86,
                "faithfulness": 0.1324025921728377,
                "monotonicity": 0.6525,
                "shapley": 0.008011358262407809,
                "shapley_corr": 0.52197704553281,
                "infidelity": 0.3227132726910306
            },
            "kernelshap": {
                "roar_faithfulness": -0.008745147797891768,
                "roar_monotonicity": 0.8525,
                "faithfulness": 0.1635918200772869,
                "monotonicity": 0.6475,
                "shapley": 0.022411376348047685,
                "shapley_corr": 0.5219770451577572,
                "infidelity": 0.006423515967981305
            }
        }
    },
    "model_perfs": {
        "rfc": [
            "1.00",
            "0.89"
        ]
    }
}