{
    "dataset": "gaussianLinear",
    "dataset_kwargs": {
        "mu": "np.zeros(5)",
        "dim": 5,
        "rho": 0.5,
        "weight": "np.array([4, 3, 2, 1, 0])",
        "noise": 0.01,
        "num_train_samples": 1000,
        "num_val_samples": 100
    },
    "models": {
        "rfc": {
            "random": {
                "roar_faithfulness": -0.002537264739883783,
                "roar_monotonicity": 0.82,
                "faithfulness": -0.012871458223296233,
                "monotonicity": 0.5,
                "shapley": 1.0025869655056292,
                "shapley_corr": -0.02175193734489622,
                "infidelity": 0.05525970301943051
            },
            "brutekernelshap": {
                "roar_faithfulness": 0.06570397126172088,
                "roar_monotonicity": 0.8425,
                "faithfulness": 0.6418188592474121,
                "monotonicity": 0.45,
                "shapley": 0.006266969041281228,
                "shapley_corr": 0.8092195209521098,
                "infidelity": 0.08416435503489701
            },
            "kernelshap": {
                "roar_faithfulness": 0.08347605781116281,
                "roar_monotonicity": 0.805,
                "faithfulness": 0.782274109242217,
                "monotonicity": 0.4675,
                "shapley": 0.01591022157070681,
                "shapley_corr": 0.80921952099269,
                "infidelity": 0.009155326184367554
            }
        }
    },
    "model_perfs": {
        "rfc": [
            "1.00",
            "0.91"
        ]
    }
}