{
    "dataset": "gaussianPiecewiseConstant",
    "dataset_kwargs": {
        "mu": "np.zeros(5)",
        "dim": 5,
        "rho": 0.5,
        "weight": "np.array([4, 3, 2, 1, 0])",
        "noise": 0.01,
        "num_train_samples": 1000,
        "num_val_samples": 100
    },
    "models": {
        "rfc": {
            "random": {
                "roar_faithfulness": 0.03409571082330586,
                "roar_monotonicity": 0.815,
                "faithfulness": -0.0018566059171941103,
                "monotonicity": 0.5175,
                "shapley": 1.0062349748158543,
                "shapley_corr": -0.023182595259009973,
                "infidelity": 0.04243072093673574
            },
            "brutekernelshap": {
                "roar_faithfulness": 0.04592134632469359,
                "roar_monotonicity": 0.82,
                "faithfulness": 0.7046856166035197,
                "monotonicity": 0.4225,
                "shapley": 0.005508308080442042,
                "shapley_corr": 0.8742985638242284,
                "infidelity": 0.05900769147616021
            },
            "kernelshap": {
                "roar_faithfulness": 0.07631881934849294,
                "roar_monotonicity": 0.835,
                "faithfulness": 0.804759620858471,
                "monotonicity": 0.4275,
                "shapley": 0.019385165878687244,
                "shapley_corr": 0.8742985637786966,
                "infidelity": 0.005854879161036988
            }
        }
    },
    "model_perfs": {
        "rfc": [
            "1.00",
            "0.89"
        ]
    }
}