{
    "dataset": "gaussianNonLinearAdditive",
    "dataset_kwargs": {
        "mu": "np.zeros(5)",
        "dim": 5,
        "rho": 0.5,
        "weight": "np.array([4, 3, 2, 1, 0])",
        "noise": 0.01,
        "num_train_samples": 1000,
        "num_val_samples": 100
    },
    "models": {
        "rfc": {
            "random": {
                "roar_faithfulness": -0.028035666909711692,
                "roar_monotonicity": 0.795,
                "faithfulness": 0.06644422594838932,
                "monotonicity": 0.535,
                "shapley": 0.9656614312425474,
                "shapley_corr": 0.011723749820341163,
                "infidelity": 0.04291768257181052
            },
            "brutekernelshap": {
                "roar_faithfulness": 0.39612316722906343,
                "roar_monotonicity": 0.795,
                "faithfulness": 0.9999927920414551,
                "monotonicity": 0.355,
                "shapley": 0.0022447943020472145,
                "shapley_corr": 0.9934850753631301,
                "infidelity": 0.029336034244535774
            },
            "kernelshap": {
                "roar_faithfulness": 0.3699999298009711,
                "roar_monotonicity": 0.7775,
                "faithfulness": 0.9999986583006881,
                "monotonicity": 0.395,
                "shapley": 0.012164967432183633,
                "shapley_corr": 0.993485075357929,
                "infidelity": 0.03602267708268184
            }
        }
    },
    "model_perfs": {
        "rfc": [
            "1.00",
            "0.99"
        ]
    }
}