{
    "dataset": "gaussianLinear",
    "dataset_kwargs": {
        "mu": "np.zeros(5)",
        "dim": 5,
        "rho": 0.25,
        "weight": "np.array([4, 3, 2, 1, 0])",
        "noise": 0.01,
        "num_train_samples": 1000,
        "num_val_samples": 100
    },
    "models": {
        "rfc": {
            "random": {
                "roar_faithfulness": -0.043886366648156525,
                "roar_monotonicity": 0.775,
                "faithfulness": 0.06244362802633508,
                "monotonicity": 0.4675,
                "shapley": 1.0132473596268556,
                "shapley_corr": -0.02138837943922518,
                "infidelity": 0.06440315369131255
            },
            "brutekernelshap": {
                "roar_faithfulness": 0.11223812698654217,
                "roar_monotonicity": 0.8125,
                "faithfulness": 0.7258850082235848,
                "monotonicity": 0.395,
                "shapley": 0.0024019082051398434,
                "shapley_corr": 0.9430567814915779,
                "infidelity": 0.033602576405504875
            },
            "kernelshap": {
                "roar_faithfulness": 0.20762375491458435,
                "roar_monotonicity": 0.7675,
                "faithfulness": 0.8275184034303846,
                "monotonicity": 0.4425,
                "shapley": 0.012005920728643012,
                "shapley_corr": 0.9430567815543354,
                "infidelity": 0.006748542774165029
            }
        }
    },
    "model_perfs": {
        "rfc": [
            "1.00",
            "0.95"
        ]
    }
}