{
    "dataset": "gaussianNonLinearAdditive",
    "dataset_kwargs": {
        "mu": "np.zeros(5)",
        "dim": 5,
        "rho": 0.75,
        "weight": "np.array([4, 3, 2, 1, 0])",
        "noise": 0.01,
        "num_train_samples": 1000,
        "num_val_samples": 100
    },
    "models": {
        "rfc": {
            "random": {
                "roar_faithfulness": 0.01046237799355997,
                "roar_monotonicity": 0.8225,
                "faithfulness": 0.06644422594838932,
                "monotonicity": 0.4975,
                "shapley": 0.9976039949842793,
                "shapley_corr": -0.1081496017814293,
                "infidelity": 0.28444018278565386
            },
            "brutekernelshap": {
                "roar_faithfulness": 0.258739509288135,
                "roar_monotonicity": 0.8225,
                "faithfulness": 0.9976327940740964,
                "monotonicity": 0.3125,
                "shapley": 0.01040197596543513,
                "shapley_corr": 0.9648451921998286,
                "infidelity": 0.25604368231381236
            },
            "kernelshap": {
                "roar_faithfulness": 0.25927057601044984,
                "roar_monotonicity": 0.8075,
                "faithfulness": 0.9988535783141841,
                "monotonicity": 0.2975,
                "shapley": 0.020442029821086075,
                "shapley_corr": 0.9648451921893613,
                "infidelity": 0.19195532707449217
            }
        }
    },
    "model_perfs": {
        "rfc": [
            "1.00",
            "1.00"
        ]
    }
}