{
    "dataset": "gaussianLinear",
    "dataset_kwargs": {
        "mu": "np.zeros(5)",
        "dim": 5,
        "rho": 0.75,
        "weight": "np.array([4, 3, 2, 1, 0])",
        "noise": 0.01,
        "num_train_samples": 1000,
        "num_val_samples": 100
    },
    "models": {
        "rfc": {
            "random": {
                "roar_faithfulness": 0.011945195719422853,
                "roar_monotonicity": 0.84,
                "faithfulness": 0.0424324680506566,
                "monotonicity": 0.5475,
                "shapley": 0.987176312211727,
                "shapley_corr": 0.019843502473399385,
                "infidelity": 0.19478944747728133
            },
            "brutekernelshap": {
                "roar_faithfulness": 0.07937917593922533,
                "roar_monotonicity": 0.84,
                "faithfulness": 0.38582770043531106,
                "monotonicity": 0.47,
                "shapley": 0.006366494937457761,
                "shapley_corr": 0.6841676898393925,
                "infidelity": 0.19111867779492062
            },
            "kernelshap": {
                "roar_faithfulness": 0.0850367071051133,
                "roar_monotonicity": 0.82,
                "faithfulness": 0.47854367908059076,
                "monotonicity": 0.5025,
                "shapley": 0.016009746615882912,
                "shapley_corr": 0.6841676898969449,
                "infidelity": 0.11439383745840216
            }
        }
    },
    "model_perfs": {
        "rfc": [
            "1.00",
            "0.98"
        ]
    }
}